C51 COMPILER V9.60.0.0   KEYSCAN                                                           05/14/2023 17:39:56 PAGE 1   


C51 COMPILER V9.60.0.0, COMPILATION OF MODULE KEYSCAN
OBJECT MODULE PLACED IN .\Objects\KeyScan.obj
COMPILER INVOKED BY: D:\Keil\C51\BIN\C51.EXE User\src\KeyScan.c OPTIMIZE(8,SPEED) BROWSE DEBUG OBJECTEXTEND PRINT(.\List
                    -ings\KeyScan.lst) OBJECT(.\Objects\KeyScan.obj)

line level    source

   1          /* ---------------------------------- 包含头文件 --------------------------------- */
   2          #include "..\inc\STC8Ax_REG.h"
   3          #include "..\inc\Definition.h"
   4          
   5          /* ---------------------------------- 私有宏定义 --------------------------------- */
   6          #define KEY_TIME 20
   7          
   8          /* ---------------------------------- 扩展变量 ---------------------------------- */
   9          uint8 Keysign = 0; // 按键标志
  10          
  11          /* ---------------------------------- 私有变量 ---------------------------------- */
  12          uint8 keysign1 = 0; // 按键状态初始化
  13          uint8 keysign2 = 0;
  14          uint8 keysign3 = 0;
  15          uint8 keysign4 = 0;
  16          
  17          uint8 keyt1 = 0; // 按键去抖计时
  18          uint8 keyt2 = 0;
  19          uint8 keyt3 = 0;
  20          uint8 keyt4 = 0;
  21          
  22          /* ----------------------------------- 函数 ----------------------------------- */
  23          void KeyScan()
  24          {
  25   1          if (key_sr1 == 1) // k1没被按下
  26   1          {
  27   2              keysign1 = 0; // 按键1标志
  28   2              keyt1 = 0;
  29   2          }
  30   1          else if (keysign1 == 0) // k1被按下且标志为0
  31   1          {
  32   2              keyt1++;
  33   2              if (keyt1 >= KEY_TIME) // 按键去抖
  34   2              {
  35   3                  keyt1 = 0;
  36   3                  keysign1 = 1; // 清除标志以防再次进入
  37   3                  Keysign = 1;
  38   3              }
  39   2          }
  40   1      
  41   1          if (key_sr2 == 1) // k2没被按下
  42   1          {
  43   2              keysign2 = 0; // 按键2标志
  44   2              keyt2 = 0;
  45   2          }
  46   1          else if (keysign2 == 0)
  47   1          {
  48   2              keyt2++;
  49   2              if (keyt2 >= KEY_TIME) // 按键去抖
  50   2              {
  51   3                  keyt2 = 0;
  52   3                  keysign2 = 1; // 清除标志以防再次进入
  53   3                  Keysign = 2;
  54   3              }
C51 COMPILER V9.60.0.0   KEYSCAN                                                           05/14/2023 17:39:56 PAGE 2   

  55   2          }
  56   1      
  57   1          if (key_sr3 == 1) // k3没被按下
  58   1          {
  59   2              keysign3 = 0; // 按键3标志
  60   2              keyt3 = 0;
  61   2          }
  62   1          else if (keysign3 == 0)
  63   1          {
  64   2              keyt3++;
  65   2              if (keyt3 >= KEY_TIME) // 按键去抖
  66   2              {
  67   3                  keyt3 = 0;
  68   3                  keysign3 = 1; // 清除标志以防再次进入
  69   3                  Keysign = 3;
  70   3              }
  71   2          }
  72   1      
  73   1          if (key_sr4 == 1) // k4没被按下
  74   1          {
  75   2              keysign4 = 0; // 按键4标志
  76   2              keyt4 = 0;
  77   2          }
  78   1          else if (keysign4 == 0)
  79   1          {
  80   2              keyt4++;
  81   2              if (keyt4 >= KEY_TIME) // 按键去抖
  82   2              {
  83   3                  keyt4 = 0;
  84   3                  keysign4 = 1; // 清除标志以防再次进入
  85   3                  Keysign = 4;
  86   3              }
  87   2          }
  88   1      }


MODULE INFORMATION:   STATIC OVERLAYABLE
   CODE SIZE        =    144    ----
   CONSTANT SIZE    =   ----    ----
   XDATA SIZE       =   ----    ----
   PDATA SIZE       =   ----    ----
   DATA SIZE        =      9    ----
   IDATA SIZE       =   ----    ----
   BIT SIZE         =   ----    ----
END OF MODULE INFORMATION.


C51 COMPILATION COMPLETE.  0 WARNING(S),  0 ERROR(S)
