C51 COMPILER V9.60.0.0   TIMING                                                            05/14/2023 17:39:57 PAGE 1   


C51 COMPILER V9.60.0.0, COMPILATION OF MODULE TIMING
OBJECT MODULE PLACED IN .\Objects\Timing.obj
COMPILER INVOKED BY: D:\Keil\C51\BIN\C51.EXE User\src\Timing.c OPTIMIZE(8,SPEED) BROWSE DEBUG OBJECTEXTEND PRINT(.\Listi
                    -ngs\Timing.lst) OBJECT(.\Objects\Timing.obj)

line level    source

   1          /* ---------------------------------- 包含头文件 --------------------------------- */
   2          #include "..\inc\STC8Ax_REG.h"
   3          #include "..\inc\Definition.h"
   4          
   5          #include "..\inc\KeyScan.h"
   6          #include "..\inc\NixieTube.h"
   7          #include "..\inc\LEDChange.h"
   8          
   9          /* ---------------------------------- 私有宏定义 --------------------------------- */
  10          #define KEY_TIME        1  // 按键检测时间ms
  11          #define NIXIE_TIME      1 // 数码管刷新时间ms
  12          
  13          /* ---------------------------------- 私有变量 ---------------------------------- */
  14          uint8 count2 = 0;
  15          
  16          /* ----------------------------------- 函数 ----------------------------------- */
  17          
  18          /**
  19           *
  20           * 功能：初始化外围设备
  21           * 参数：None
  22           * 返回：None
  23           * 说明：
  24           */
  25          void Time0_Config() // 初始化外围
  26          {
  27   1          // 1毫秒@24.000MHz
  28   1          TMOD &= 0xF0; // 设置定时器0模式
  29   1          TMOD |= 0x01; // 设置定时器0模式为16为自动重装载
  30   1      
  31   1          TH0 = 0xF8; // 设置定时0初始值(65535-2000)=63535=0xF830
  32   1          TL0 = 0x30; // 设置定时0初始值
  33   1          TF0 = 0;    // 清除TF0标志
  34   1          ET0 = 1;
  35   1          TR0 = 1; // 定时器0开始计时
  36   1      }
  37          
  38          /**
  39           *
  40           * 功能：初始化外围设备
  41           * 参数：None
  42           * 返回：None
  43           * 说明：
  44           */
  45          void Time1_Config() // 初始化外围
  46          {
  47   1          // 1us@24.000MHz
  48   1          TMOD &= 0x0F; // 设置定时器1模式
  49   1          TMOD |= 0x10; // 设置定时器1模式为16为自动重装载
  50   1      
  51   1          TH1 = 0xF8; // 设置定时0初始值(65535-2000)=63535=0xF830
  52   1          TL1 = 0x30; // 设置定时0初始值
  53   1          TF1 = 0;    // 清除TF1标志
  54   1          ET1 = 1;
C51 COMPILER V9.60.0.0   TIMING                                                            05/14/2023 17:39:57 PAGE 2   

  55   1          TR1 = 1;    // 定时器1开始计时
  56   1      }
  57          
  58          /**
  59           * 功能：延时函数，ms级别。
  60           * 参数：nms 延时时间
  61           * 返回：None
  62           * 说明：
  63           */
  64          void Delay_ms(uint16_t nms)
  65          {
  66   1          uint16_t i;
  67   1          do
  68   1          {
  69   2              i = 1844;
  70   2              while (--i)
  71   2                  ;
  72   2          } while (--nms);
  73   1      }
  74          
  75          // 用于按键扫描程序
  76          void Time0_ISR() interrupt 1
  77          {
  78   1              TF0 = 0; //清除中断标志
  79   1          TR0 = 0; //关中断
  80   1      
  81   1      
  82   1          // 开启跑马灯
  83   1          count2 = 0;
  84   1          if (count2 >= LEDChangeTime)
  85   1          {
  86   2              count2 = 0;  // 清空计数
  87   2              LEDChange(); // LED变化
  88   2          }
  89   1      
  90   1          TH0 = 0xF8; // 重装初始值(65535-2000)=63535=0xF830
  91   1          TL0 = 0x30;
  92   1              TR0 = 1;
  93   1      }
  94          
  95          void Time1_ISR() interrupt 3
  96          {
  97   1          TF1 = 0; //清除中断标志
  98   1          TR1 = 0; //关中断
  99   1      
 100   1          KeyScan(); // 按键扫描
 101   1          
 102   1          // 扫描数码管
 103   1          NixieTube();
 104   1      
 105   1          TH1 = 0xf8; // 重装初始值(65535-2000)=63535=0xF830
 106   1          TL1 = 0x30;
 107   1              TR1 = 1;
 108   1      }


MODULE INFORMATION:   STATIC OVERLAYABLE
   CODE SIZE        =    222    ----
   CONSTANT SIZE    =   ----    ----
   XDATA SIZE       =   ----    ----
   PDATA SIZE       =   ----    ----
   DATA SIZE        =      1    ----
C51 COMPILER V9.60.0.0   TIMING                                                            05/14/2023 17:39:57 PAGE 3   

   IDATA SIZE       =   ----    ----
   BIT SIZE         =   ----    ----
END OF MODULE INFORMATION.


C51 COMPILATION COMPLETE.  0 WARNING(S),  0 ERROR(S)
